[2022-09-16 19:08:35] https://www.youtube.com/watch?v=_L3gNaAVjQ4 (George Hotz: Hacking the Simulation & Learning to Drive with Neural Nets | Lex Fridman Podcast #132)
[2022-09-16 19:19:18] /data/torrent/Rick.and.Morty.S05E09.1080p.WEBRip.x264-CAKES[rarbg]/rick.and.morty.s05e09.1080p.webrip.x264-cakes.mkv
[2022-09-16 19:19:30] /data/torrent/Rick.and.Morty.S05E10.1080p.WEBRip.x264-CAKES[rarbg]/rick.and.morty.s05e10.1080p.webrip.x264-cakes.mkv
[2022-09-16 19:19:52] /data/torrent/The Office (US) (2005) Season 1-9 S01-S09 (1080p BluRay x265 HEVC 10bit AAC 5.1 Silence)/Season 4/The Office (US) (2005) - S04E11 - Survivor Man (1080p BluRay x265 Silence).mkv
[2022-09-16 19:19:56] /data/torrent/The Office (US) (2005) Season 1-9 S01-S09 (1080p BluRay x265 HEVC 10bit AAC 5.1 Silence)/Season 4/The Office (US) (2005) - S04E12 - The Deposition (1080p BluRay x265 Silence).mkv
[2022-09-17 10:58:30] https://www.youtube.com/watch?v=_AGPbvCDBCk (Eugenia Kuyda: Friendship with an AI Companion | Lex Fridman Podcast #121)
[2022-09-17 14:22:12] https://www.youtube.com/watch?v=_L3gNaAVjQ4  (George Hotz: Hacking the Simulation & Learning to Drive with Neural Nets | Lex Fridman Podcast #132)
[2022-09-17 14:22:48] https://www.youtube.com/watch?v=_L3gNaAVjQ4  (George Hotz: Hacking the Simulation & Learning to Drive with Neural Nets | Lex Fridman Podcast #132)
[2022-09-17 14:23:31] https://www.youtube.com/watch?v=6H6zfCNeqek&list=WL&index=41 (Architecture Decision Records (ADR) as a LOG that answers "WHY?")
[2022-09-17 15:04:25] https://www.youtube.com/watch?v=_au3yw46lcg (Heroes of Deep Learning: Andrew Ng interviews Andrej Karpathy)
[2022-09-17 15:06:08] https://www.youtube.com/watch?v=_au3yw46lcg (Heroes of Deep Learning: Andrew Ng interviews Andrej Karpathy)
[2022-09-17 15:07:09] https://www.youtube.com/watch?v=_au3yw46lcg (Heroes of Deep Learning: Andrew Ng interviews Andrej Karpathy)
[2022-09-17 15:07:32] https://www.youtube.com/watch?v=FnFksQo-yEY (How AI Powers Self-Driving Tesla with Elon Musk and Andrej Karpathy)
[2022-09-17 15:12:18] https://www.youtube.com/watch?v=FnFksQo-yEY (How AI Powers Self-Driving Tesla with Elon Musk and Andrej Karpathy)
[2022-09-17 15:12:52] https://www.youtube.com/watch?v=FnFksQo-yEY (How AI Powers Self-Driving Tesla with Elon Musk and Andrej Karpathy)
[2022-09-17 15:13:56] https://www.youtube.com/watch?v=_au3yw46lcg (Heroes of Deep Learning: Andrew Ng interviews Andrej Karpathy)
[2022-09-17 15:15:24] https://www.youtube.com/watch?v=FnFksQo-yEY (How AI Powers Self-Driving Tesla with Elon Musk and Andrej Karpathy)
[2022-09-17 15:16:58] https://www.youtube.com/watch?v=gMlf1ELvRzc (The Discovery That Transformed Pi)
[2022-09-17 15:17:24] https://www.youtube.com/watch?v=FnFksQo-yEY (How AI Powers Self-Driving Tesla with Elon Musk and Andrej Karpathy)
[2022-09-17 15:20:38] https://www.youtube.com/watch?v=FnFksQo-yEY (How AI Powers Self-Driving Tesla with Elon Musk and Andrej Karpathy)
[2022-09-17 15:21:06] https://www.youtube.com/watch?v=FnFksQo-yEY (How AI Powers Self-Driving Tesla with Elon Musk and Andrej Karpathy)
[2022-09-17 15:21:13] https://www.youtube.com/watch?v=FnFksQo-yEY (How AI Powers Self-Driving Tesla with Elon Musk and Andrej Karpathy)
[2022-09-17 15:21:54] https://www.youtube.com/watch?v=FnFksQo-yEY (How AI Powers Self-Driving Tesla with Elon Musk and Andrej Karpathy)
[2022-09-17 15:22:32] https://www.youtube.com/watch?v=FnFksQo-yEY (How AI Powers Self-Driving Tesla with Elon Musk and Andrej Karpathy)
[2022-09-17 15:22:51] https://www.youtube.com/watch?v=_au3yw46lcg (Heroes of Deep Learning: Andrew Ng interviews Andrej Karpathy)
[2022-09-17 15:24:38] https://www.youtube.com/watch?v=Ngwv_r-zzI0 (George Hotz | Programming | installing arch linux (real noob ish))
[2022-09-17 15:25:05] https://www.youtube.com/watch?v=Ngwv_r-zzI0 (George Hotz | Programming | installing arch linux (real noob ish))
[2022-09-17 15:26:11] https://www.youtube.com/watch?v=Ngwv_r-zzI0 (George Hotz | Programming | installing arch linux (real noob ish))
[2022-09-17 15:26:29] https://www.youtube.com/watch?v=Ngwv_r-zzI0 (George Hotz | Programming | installing arch linux (real noob ish))
[2022-09-17 15:26:44] https://www.youtube.com/watch?v=Ngwv_r-zzI0 (George Hotz | Programming | installing arch linux (real noob ish))
[2022-09-17 15:27:55] https://www.youtube.com/watch?v=Ngwv_r-zzI0 (George Hotz | Programming | installing arch linux (real noob ish))
[2022-09-17 15:28:35] https://www.youtube.com/watch?v=Ngwv_r-zzI0 (George Hotz | Programming | installing arch linux (real noob ish))
[2022-09-17 15:28:51] https://www.youtube.com/watch?v=Ngwv_r-zzI0 (George Hotz | Programming | installing arch linux (real noob ish))
[2022-09-17 15:31:12] https://www.youtube.com/watch?v=Ngwv_r-zzI0 (George Hotz | Programming | installing arch linux (real noob ish))
[2022-09-17 15:33:55] https://www.youtube.com/watch?v=FnFksQo-yEY (How AI Powers Self-Driving Tesla with Elon Musk and Andrej Karpathy)
[2022-09-17 15:59:14] https://www.youtube.com/watch?v=gBAhsapqGBM (Cowboy Merch Drop)
[2022-09-17 16:00:51] https://www.youtube.com/watch?v=gBAhsapqGBM (Cowboy Merch Drop)
[2022-09-17 19:11:32] /home/fabian/Downloads/Chernobyl.COMPLETE.Season.1.S01.1080p.AMZN.WEB-DL.x265-HETeam/Chernobyl.S01E01.1.23.45.1080p.AMZN.WEB-DL.x265-HETeam.mkv
[2022-09-17 19:12:59] /home/fabian/Downloads/Chernobyl.COMPLETE.Season.1.S01.1080p.AMZN.WEB-DL.x265-HETeam/Chernobyl.S01E01.1.23.45.1080p.AMZN.WEB-DL.x265-HETeam.mkv
[2022-09-17 19:13:34] /data/torrent/movies/great-gatsby/The.Great.Gatsby.2013.1080p.BluRay.x264.YIFY.mp4
[2022-09-17 19:15:11] /data/torrent/movies/great-gatsby/The.Great.Gatsby.2013.1080p.BluRay.x264.YIFY.mp4
[2022-09-17 20:16:30] /data/torrent/movies/great-gatsby/The.Great.Gatsby.2013.1080p.BluRay.x264.YIFY.mp4
[2022-09-17 20:43:05] /data/torrent/movies/great-gatsby/The.Great.Gatsby.2013.1080p.BluRay.x264.YIFY.mp4
[2022-09-18 19:50:44] https://www.youtube.com/watch?v=PH9RQ6Yx75c (The truth about AI and why you should learn it - Computerphile explains)
[2022-09-18 19:53:03] https://www.youtube.com/watch?v=PH9RQ6Yx75c (The truth about AI and why you should learn it - Computerphile explains)
[2022-09-18 19:53:58] https://www.youtube.com/watch?v=PH9RQ6Yx75c (The truth about AI and why you should learn it - Computerphile explains)
[2022-09-18 19:54:56] https://www.youtube.com/watch?v=PH9RQ6Yx75c (The truth about AI and why you should learn it - Computerphile explains)
[2022-09-18 19:55:32] https://www.youtube.com/watch?v=PH9RQ6Yx75c (The truth about AI and why you should learn it - Computerphile explains)
[2022-09-18 19:55:50] https://www.youtube.com/watch?v=PH9RQ6Yx75c (The truth about AI and why you should learn it - Computerphile explains)
[2022-09-18 19:58:30] https://youtube.com/watch?v=i94OvYb6noo (CS231n Winter 2016: Lecture 4: Backpropagation, Neural Networks 1)
[2022-09-18 19:58:53] https://youtube.com/watch?v=i94OvYb6noo (CS231n Winter 2016: Lecture 4: Backpropagation, Neural Networks 1)
[2022-09-18 20:41:27] https://www.youtube.com/watch?v=WXuK6gekU1Y&list=WL&index=73 (AlphaGo - The Movie | Full award-winning documentary)
[2022-09-18 20:41:49] https://www.youtube.com/watch?v=WXuK6gekU1Y&list=WL&index=73 (AlphaGo - The Movie | Full award-winning documentary)
[2022-09-18 20:43:58] https://www.youtube.com/watch?v=WXuK6gekU1Y&list=WL&index=73 (AlphaGo - The Movie | Full award-winning documentary)
[2022-09-18 20:45:54] https://www.youtube.com/watch?v=WXuK6gekU1Y&list=WL&index=73 (AlphaGo - The Movie | Full award-winning documentary)
[2022-09-18 20:47:07] https://youtube.com/watch?v=et8zV4WCRWo (Girl Addicted To Sucking Her Thumb So She Probably Works In Real Estate)
[2022-09-18 20:58:00] https://www.youtube.com/watch?v=WXuK6gekU1Y&list=WL&index=73 (AlphaGo - The Movie | Full award-winning documentary)
[2022-09-19 06:42:25] rain_thunder.mp3
[2022-09-19 16:23:21] https://www.youtube.com/watch?v=I845O57ZSy4 (John Carmack: Doom, Quake, VR, AGI, Programming, Video Games, and Rockets | Lex Fridman Podcast #309)
[2022-09-19 20:56:25] https://www.youtube.com/watch?v=VMj-3S1tku0&list=WL&index=1 (The spelled-out intro to neural networks and backpropagation: building micrograd)
[2022-09-19 20:57:23] https://www.youtube.com/watch?v=I845O57ZSy4 (John Carmack: Doom, Quake, VR, AGI, Programming, Video Games, and Rockets | Lex Fridman Podcast #309)
[2022-09-19 20:59:04] https://www.youtube.com/watch?v=VMj-3S1tku0&list=WL&index=1 (The spelled-out intro to neural networks and backpropagation: building micrograd)
[2022-09-19 20:59:19] https://www.youtube.com/watch?v=I845O57ZSy4 (John Carmack: Doom, Quake, VR, AGI, Programming, Video Games, and Rockets | Lex Fridman Podcast #309)
[2022-09-20 18:58:02] https://www.youtube.com/watch?v=I845O57ZSy4 (John Carmack: Doom, Quake, VR, AGI, Programming, Video Games, and Rockets | Lex Fridman Podcast #309)
[2022-09-20 19:02:59] /data/torrent/The Office (US) (2005) Season 1-9 S01-S09 (1080p BluRay x265 HEVC 10bit AAC 5.1 Silence)/Season 4/The Office (US) (2005) - S04E14 - The Chair Model (1080p BluRay x265 Silence).mkv
[2022-09-20 19:25:01] /data/torrent/The Office (US) (2005) Season 1-9 S01-S09 (1080p BluRay x265 HEVC 10bit AAC 5.1 Silence)/Season 4/The Office (US) (2005) - S04E15 - Night Out (1080p BluRay x265 Silence).mkv
[2022-09-20 19:46:27] /data/torrent/The Office (US) (2005) Season 1-9 S01-S09 (1080p BluRay x265 HEVC 10bit AAC 5.1 Silence)/Season 4/The Office (US) (2005) - S04E16 - Did I Stutter (1080p BluRay x265 Silence).mkv
[2022-09-21 07:06:57] https://www.youtube.com/watch?v=I845O57ZSy4 (John Carmack: Doom, Quake, VR, AGI, Programming, Video Games, and Rockets | Lex Fridman Podcast #309)
[2022-09-21 15:43:11] /data/torrent/videos/Our house was attacked... [JDsuYy1qsiA].mp4
[2022-09-21 15:46:12] /data/torrent/videos/Our house was attacked... [JDsuYy1qsiA].mp4
[2022-09-21 15:47:15] /data/torrent/The Office (US) (2005) Season 1-9 S01-S09 (1080p BluRay x265 HEVC 10bit AAC 5.1 Silence)/Season 4/The Office (US) (2005) - S04E17 - Job Fair (1080p BluRay x265 Silence).mkv
[2022-09-21 16:41:24] /data/torrent/The Office (US) (2005) Season 1-9 S01-S09 (1080p BluRay x265 HEVC 10bit AAC 5.1 Silence)/Season 4/The Office (US) (2005) - S04E18-E19 - Goodbye, Toby (1080p BluRay x265 Silence).mkv
[2022-09-26 18:57:09] /data/torrent/The Office (US) (2005) Season 1-9 S01-S09 (1080p BluRay x265 HEVC 10bit AAC 5.1 Silence)/Season 4/The Office (US) (2005) - S04E18-E19 - Goodbye, Toby (1080p BluRay x265 Silence).mkv
[2022-09-26 19:21:12] /data/torrent/The Office (US) (2005) Season 1-9 S01-S09 (1080p BluRay x265 HEVC 10bit AAC 5.1 Silence)/Season 5/The Office (US) (2005) - S05E01 - Weight Loss (1080p BluRay x265 Silence).mkv
[2022-09-26 19:25:54] /data/torrent/The Office US S01-S09 (2005-)/The Office US S05 (360p re-blurip)/The Office S05E01 Weight Loss.mp4 (The Office S05E01 Weight Loss)
[2022-09-26 20:09:16] /data/torrent/The Office US (2005) Season 1-9 S01-S09 (1080p Mixed x265 HEVC 10bit AAC 5.1 LION) REPACK/Season 5 (Bluray)/The Office (US) (2005) - S05E02 - Business Ethics (1080p BluRay x265 LION).mkv (The.Office.S05E02.Business.Ethics.BluRay.1080p.x264.AC3-decibeL)
[2022-09-26 20:30:38] /data/torrent/The Office US (2005) Season 1-9 S01-S09 (1080p Mixed x265 HEVC 10bit AAC 5.1 LION) REPACK/Season 5 (Bluray)/The Office (US) (2005) - S05E03 - Baby Shower (1080p BluRay x265 LION).mkv (The.Office.S05E03.Baby.Shower.BluRay.1080p.x264.AC3-decibeL)
[2022-09-26 20:58:15] /data/torrent/The Office US (2005) Season 1-9 S01-S09 (1080p Mixed x265 HEVC 10bit AAC 5.1 LION) REPACK/Season 5 (Bluray)/The Office (US) (2005) - S05E04 - Crime Aid (1080p BluRay x265 LION).mkv (The.Office.S05E04.Crime.Aid.BluRay.1080p.x264.AC3-decibeL)
[2022-09-26 21:19:19] /data/torrent/The Office US (2005) Season 1-9 S01-S09 (1080p Mixed x265 HEVC 10bit AAC 5.1 LION) REPACK/Season 5 (Bluray)/The Office (US) (2005) - S05E05 - Employee Transfer (1080p BluRay x265 LION).mkv
[2022-09-26 21:41:35] /data/torrent/The Office US (2005) Season 1-9 S01-S09 (1080p Mixed x265 HEVC 10bit AAC 5.1 LION) REPACK/Season 5 (Bluray)/The Office (US) (2005) - S05E06 - Customer Survey (1080p BluRay x265 LION).mkv (The.Office.S05E06.Customer.Survey.BluRay.1080p.x264.AC3-decibeL)
[2022-09-26 22:03:06] /data/torrent/The Office US (2005) Season 1-9 S01-S09 (1080p Mixed x265 HEVC 10bit AAC 5.1 LION) REPACK/Season 5 (Bluray)/The Office (US) (2005) - S05E07 - Business Trip (1080p BluRay x265 LION).mkv (The.Office.S05E07.Business.Trip.BluRay.1080p.x264.AC3-decibeL)
[2022-09-26 22:24:22] /data/torrent/The Office US (2005) Season 1-9 S01-S09 (1080p Mixed x265 HEVC 10bit AAC 5.1 LION) REPACK/Season 5 (Bluray)/The Office (US) (2005) - S05E08 - Frame Toby (1080p BluRay x265 LION).mkv (The.Office.S05E08.Frame.Toby.BluRay.1080p.x264.AC3-decibeL)
[2022-09-26 22:51:28] /data/torrent/The Office US (2005) Season 1-9 S01-S09 (1080p Mixed x265 HEVC 10bit AAC 5.1 LION) REPACK/Season 5 (Bluray)/The Office (US) (2005) - S05E09 - The Surplus (1080p BluRay x265 LION).mkv (The.Office.S05E09.The.Surplus.BluRay.1080p.x264.AC3-decibeL)
[2022-09-27 18:20:11] /data/torrent/The Office US (2005) Season 1-9 S01-S09 (1080p Mixed x265 HEVC 10bit AAC 5.1 LION) REPACK/Season 5 (Bluray)/The Office (US) (2005) - S05E05 - Employee Transfer (1080p BluRay x265 LION).mkv
[2022-09-27 18:20:14] /data/torrent/The Office US (2005) Season 1-9 S01-S09 (1080p Mixed x265 HEVC 10bit AAC 5.1 LION) REPACK/Season 5 (Bluray)/The Office (US) (2005) - S05E06 - Customer Survey (1080p BluRay x265 LION).mkv (The.Office.S05E06.Customer.Survey.BluRay.1080p.x264.AC3-decibeL)
[2022-09-27 18:20:18] /data/torrent/The Office US (2005) Season 1-9 S01-S09 (1080p Mixed x265 HEVC 10bit AAC 5.1 LION) REPACK/Season 5 (Bluray)/The Office (US) (2005) - S05E07 - Business Trip (1080p BluRay x265 LION).mkv (The.Office.S05E07.Business.Trip.BluRay.1080p.x264.AC3-decibeL)
[2022-09-27 18:20:20] /data/torrent/The Office US (2005) Season 1-9 S01-S09 (1080p Mixed x265 HEVC 10bit AAC 5.1 LION) REPACK/Season 5 (Bluray)/The Office (US) (2005) - S05E08 - Frame Toby (1080p BluRay x265 LION).mkv (The.Office.S05E08.Frame.Toby.BluRay.1080p.x264.AC3-decibeL)
[2022-09-27 18:20:23] /data/torrent/The Office US (2005) Season 1-9 S01-S09 (1080p Mixed x265 HEVC 10bit AAC 5.1 LION) REPACK/Season 5 (Bluray)/The Office (US) (2005) - S05E09 - The Surplus (1080p BluRay x265 LION).mkv (The.Office.S05E09.The.Surplus.BluRay.1080p.x264.AC3-decibeL)
[2022-09-27 18:20:35] /data/torrent/The Office US (2005) Season 1-9 S01-S09 (1080p Mixed x265 HEVC 10bit AAC 5.1 LION) REPACK/Season 5 (Bluray)/The Office (US) (2005) - S05E10 - Moroccan Christmas (1080p BluRay x265 LION).mkv (The.Office.S05E10.Moroccan.Christmas.BluRay.1080p.x264.AC3-decibeL)
[2022-09-27 20:15:39] /data/torrent/The Office US (2005) Season 1-9 S01-S09 (1080p Mixed x265 HEVC 10bit AAC 5.1 LION) REPACK/Season 5 (Bluray)/The Office (US) (2005) - S05E11 - The Duel (1080p BluRay x265 LION).mkv (The.Office.S05E11.The.Duel.BluRay.1080p.x264.AC3-decibeL)
[2022-09-27 20:36:45] /data/torrent/The Office US (2005) Season 1-9 S01-S09 (1080p Mixed x265 HEVC 10bit AAC 5.1 LION) REPACK/Season 5 (Bluray)/The Office (US) (2005) - S05E12 - Prince Family Paper (1080p BluRay x265 LION).mkv (The.Office.S05E12.Prince.Family.Paper.BluRay.1080p.x264.AC3-decibeL)
[2022-09-27 20:58:34] /data/torrent/The Office US (2005) Season 1-9 S01-S09 (1080p Mixed x265 HEVC 10bit AAC 5.1 LION) REPACK/Season 5 (Bluray)/The Office (US) (2005) - S05E13 - Stress Relief (1080p BluRay x265 LION).mkv (The.Office.S05E13.Stress.Relief.BluRay.1080p.x264.AC3-decibeL)
[2022-09-28 15:21:33] /data/torrent/The Office US (2005) Season 1-9 S01-S09 (1080p Mixed x265 HEVC 10bit AAC 5.1 LION) REPACK/Season 5 (Bluray)/The Office (US) (2005) - S05E13 - Stress Relief (1080p BluRay x265 LION).mkv (The.Office.S05E13.Stress.Relief.BluRay.1080p.x264.AC3-decibeL)
[2022-09-28 15:21:45] /data/torrent/The Office US (2005) Season 1-9 S01-S09 (1080p Mixed x265 HEVC 10bit AAC 5.1 LION) REPACK/Season 5 (Bluray)/The Office (US) (2005) - S05E14 - Lecture Circuit (1) (1080p BluRay x265 LION).mkv (The.Office.S05E14.Lecture.Circuit.Part.1.BluRay.1080p.x264.AC3-decibeL)
[2022-09-28 15:47:03] /data/torrent/The Office US (2005) Season 1-9 S01-S09 (1080p Mixed x265 HEVC 10bit AAC 5.1 LION) REPACK/Season 5 (Bluray)/The Office (US) (2005) - S05E15 - Lecture Circuit (2) (1080p BluRay x265 LION).mkv (The.Office.S05E15.Lecture.Circuit.Part.2.BluRay.1080p.x264.AC3-decibeL)
[2022-09-28 16:07:36] /data/torrent/The Office US (2005) Season 1-9 S01-S09 (1080p Mixed x265 HEVC 10bit AAC 5.1 LION) REPACK/Season 5 (Bluray)/The Office (US) (2005) - S05E16 - Blood Drive (1080p BluRay x265 LION).mkv (The.Office.S05E16.Blood.Drive.BluRay.1080p.x264.AC3-decibeL)
[2022-09-28 16:28:49] /data/torrent/The Office US (2005) Season 1-9 S01-S09 (1080p Mixed x265 HEVC 10bit AAC 5.1 LION) REPACK/Season 5 (Bluray)/The Office (US) (2005) - S05E17 - Golden Ticket (1080p BluRay x265 LION).mkv (The.Office.S05E17.Golden.Ticket.BluRay.1080p.x264.AC3-decibeL)
[2022-09-28 16:49:58] /data/torrent/The Office US (2005) Season 1-9 S01-S09 (1080p Mixed x265 HEVC 10bit AAC 5.1 LION) REPACK/Season 5 (Bluray)/The Office (US) (2005) - S05E18 - New Boss (1080p BluRay x265 LION).mkv (The.Office.S05E18.New.Boss.BluRay.1080p.x264.AC3-decibeL)
[2022-09-28 17:11:55] /data/torrent/The Office US (2005) Season 1-9 S01-S09 (1080p Mixed x265 HEVC 10bit AAC 5.1 LION) REPACK/Season 5 (Bluray)/The Office (US) (2005) - S05E19 - Two Weeks (1080p BluRay x265 LION).mkv (The.Office.S05E19.Two.Weeks.BluRay.1080p.x264.AC3-decibeL)
[2022-09-28 17:14:15] /data/torrent/The Office US (2005) Season 1-9 S01-S09 (1080p Mixed x265 HEVC 10bit AAC 5.1 LION) REPACK/Season 5 (Bluray)/The Office (US) (2005) - S05E19 - Two Weeks (1080p BluRay x265 LION).mkv (The.Office.S05E19.Two.Weeks.BluRay.1080p.x264.AC3-decibeL)
[2022-09-28 17:35:25] /data/torrent/The Office US (2005) Season 1-9 S01-S09 (1080p Mixed x265 HEVC 10bit AAC 5.1 LION) REPACK/Season 5 (Bluray)/The Office (US) (2005) - S05E20 - Dream Team (1080p BluRay x265 LION).mkv (The.Office.S05E20.Dream.Team.BluRay.1080p.x264.AC3-decibeL)
[2022-09-28 17:56:40] /data/torrent/The Office US (2005) Season 1-9 S01-S09 (1080p Mixed x265 HEVC 10bit AAC 5.1 LION) REPACK/Season 5 (Bluray)/The Office (US) (2005) - S05E21 - The Michael Scott Paper Company (1080p BluRay x265 LION).mkv (The.Office.S05E21.Michael.Scott.Paper.Company.BluRay.1080p.x264.AC3-decibeL)
[2022-09-28 18:14:39] /data/torrent/The Office US (2005) Season 1-9 S01-S09 (1080p Mixed x265 HEVC 10bit AAC 5.1 LION) REPACK/Season 5 (Bluray)/The Office (US) (2005) - S05E21 - The Michael Scott Paper Company (1080p BluRay x265 LION).mkv (The.Office.S05E21.Michael.Scott.Paper.Company.BluRay.1080p.x264.AC3-decibeL)
[2022-09-28 18:18:01] /data/torrent/The Office US (2005) Season 1-9 S01-S09 (1080p Mixed x265 HEVC 10bit AAC 5.1 LION) REPACK/Season 5 (Bluray)/The Office (US) (2005) - S05E22 - Heavy Competition (1080p BluRay x265 LION).mkv (The.Office.S05E22.Heavy.Competition.BluRay.1080p.x264.AC3-decibeL)
[2022-09-28 18:39:51] /data/torrent/The Office US (2005) Season 1-9 S01-S09 (1080p Mixed x265 HEVC 10bit AAC 5.1 LION) REPACK/Season 5 (Bluray)/The Office (US) (2005) - S05E23 - Broke (1080p BluRay x265 LION).mkv (The.Office.S05E23.Broke.BluRay.1080p.x264.AC3-decibeL)
[2022-09-28 19:01:41] /data/torrent/The Office US (2005) Season 1-9 S01-S09 (1080p Mixed x265 HEVC 10bit AAC 5.1 LION) REPACK/Season 5 (Bluray)/The Office (US) (2005) - S05E23 - Broke (1080p BluRay x265 LION).mkv (The.Office.S05E23.Broke.BluRay.1080p.x264.AC3-decibeL)
[2022-09-28 19:01:45] /data/torrent/The Office US (2005) Season 1-9 S01-S09 (1080p Mixed x265 HEVC 10bit AAC 5.1 LION) REPACK/Season 5 (Bluray)/The Office (US) (2005) - S05E24 - Casual Friday (1080p BluRay x265 LION).mkv (The.Office.S05E24.Casual.Friday.BluRay.1080p.x264.AC3-decibeL)
[2022-09-28 20:32:37] https://www.youtube.com/watch?v=rA4zectrEOo (Quiet Quitting? Should You Do It?)
[2022-09-29 16:24:41] /home/fabian/torrent/The Office (US) (2005) Season 1-9 S01-S09 (1080p BluRay x265 HEVC 10bit AAC 5.1 Silence)/Season 5/The Office (US) (2005) - S05E25 - Cafe Disco (1080p BluRay x265 Silence).mkv
[2022-09-29 16:50:16] /home/fabian/torrent/The Office (US) (2005) Season 1-9 S01-S09 (1080p BluRay x265 HEVC 10bit AAC 5.1 Silence)/Season 5/The Office (US) (2005) - S05E26 - Company Picnic (1080p BluRay x265 Silence).mkv
[2022-09-29 18:04:55] /home/fabian/torrent/The Office (US) (2005) Season 1-9 S01-S09 (1080p BluRay x265 HEVC 10bit AAC 5.1 Silence)/Season 5/The Office (US) (2005) - S05E26 - Company Picnic (1080p BluRay x265 Silence).mkv
[2022-09-29 18:30:12] /home/fabian/torrent/The Office (US) (2005) Season 1-9 S01-S09 (1080p BluRay x265 HEVC 10bit AAC 5.1 Silence)/Season 6/The Office (US) (2005) - S06E01 - Gossip (1080p BluRay x265 Silence).mkv
[2022-09-29 18:40:18] /home/fabian/torrent/The Office (US) (2005) Season 1-9 S01-S09 (1080p BluRay x265 HEVC 10bit AAC 5.1 Silence)/Season 6/The Office (US) (2005) - S06E01 - Gossip (1080p BluRay x265 Silence).mkv
[2022-09-29 18:45:22] https://www.youtube.com/watch?v=2jMInHnpNfQ (Email on the terminal with mutt)
[2022-09-29 18:48:12] https://www.youtube.com/watch?v=mPiQuWbF57M (Mutt Wizard: Command Line Email at 156% Efficiency)
[2022-09-29 18:54:28] https://www.youtube.com/watch?v=2jMInHnpNfQ (Email on the terminal with mutt)
[2022-09-29 20:25:58] /home/fabian/torrent/The Office (US) (2005) Season 1-9 S01-S09 (1080p BluRay x265 HEVC 10bit AAC 5.1 Silence)/Season 6/The Office (US) (2005) - S06E01 - Gossip (1080p BluRay x265 Silence).mkv
[2022-09-29 21:04:25] /home/fabian/torrent/The Office (US) (2005) Season 1-9 S01-S09 (1080p BluRay x265 HEVC 10bit AAC 5.1 Silence)/Season 6/The Office (US) (2005) - S06E02 - The Meeting (1080p BluRay x265 Silence).mkv
[2022-09-29 21:22:12] /home/fabian/torrent/The Office (US) (2005) Season 1-9 S01-S09 (1080p BluRay x265 HEVC 10bit AAC 5.1 Silence)/Season 6/The Office (US) (2005) - S06E01 - Gossip (1080p BluRay x265 Silence).mkv
[2022-09-29 21:22:14] /home/fabian/torrent/The Office (US) (2005) Season 1-9 S01-S09 (1080p BluRay x265 HEVC 10bit AAC 5.1 Silence)/Season 6/The Office (US) (2005) - S06E02 - The Meeting (1080p BluRay x265 Silence).mkv
[2022-09-29 21:24:21] /home/fabian/torrent/The Office (US) (2005) Season 1-9 S01-S09 (1080p BluRay x265 HEVC 10bit AAC 5.1 Silence)/Season 6/The Office (US) (2005) - S06E02 - The Meeting (1080p BluRay x265 Silence).mkv
[2022-09-29 21:38:55] /home/fabian/torrent/The Office (US) (2005) Season 1-9 S01-S09 (1080p BluRay x265 HEVC 10bit AAC 5.1 Silence)/Season 6/The Office (US) (2005) - S06E03 - The Promotion (1080p BluRay x265 Silence).mkv
[2022-09-29 22:00:45] /home/fabian/torrent/The Office (US) (2005) Season 1-9 S01-S09 (1080p BluRay x265 HEVC 10bit AAC 5.1 Silence)/Season 6/The Office (US) (2005) - S06E04-E05 - Niagara (1080p BluRay x265 Silence).mkv
[2022-09-30 13:14:26] https://www.youtube.com/watch?v=4_5FMlkV1_o (Email im TERMINAL mit Neomutt: Schlank, und EFFIZIENT! #linux #neomutt #email)
